Analysis & Synthesis report for UART
Sun May 25 21:25:23 2025
Quartus Prime Version 18.1.0 Build 625 09/12/2018 SJ Lite Edition


---------------------
; Table of Contents ;
---------------------
  1. Legal Notice
  2. Analysis & Synthesis Summary
  3. Analysis & Synthesis Settings
  4. Parallel Compilation
  5. Analysis & Synthesis Source Files Read
  6. Analysis & Synthesis Resource Usage Summary
  7. Analysis & Synthesis Resource Utilization by Entity
  8. General Register Statistics
  9. Port Connectivity Checks: "restador_circular:sub_mod"
 10. Post-Synthesis Netlist Statistics for Top Partition
 11. Elapsed Time Per Partition
 12. Analysis & Synthesis Messages
 13. Analysis & Synthesis Suppressed Messages



----------------
; Legal Notice ;
----------------
Copyright (C) 2018  Intel Corporation. All rights reserved.
Your use of Intel Corporation's design tools, logic functions 
and other software and tools, and its AMPP partner logic 
functions, and any output files from any of the foregoing 
(including device programming or simulation files), and any 
associated documentation or information are expressly subject 
to the terms and conditions of the Intel Program License 
Subscription Agreement, the Intel Quartus Prime License Agreement,
the Intel FPGA IP License Agreement, or other applicable license
agreement, including, without limitation, that your use is for
the sole purpose of programming logic devices manufactured by
Intel and sold by Intel or its authorized distributors.  Please
refer to the applicable agreement for further details.



+-------------------------------------------------------------------------------+
; Analysis & Synthesis Summary                                                  ;
+---------------------------------+---------------------------------------------+
; Analysis & Synthesis Status     ; Successful - Sun May 25 21:25:23 2025       ;
; Quartus Prime Version           ; 18.1.0 Build 625 09/12/2018 SJ Lite Edition ;
; Revision Name                   ; UART                                        ;
; Top-level Entity Name           ; alu_controladora                            ;
; Family                          ; Cyclone V                                   ;
; Logic utilization (in ALMs)     ; N/A                                         ;
; Total registers                 ; 0                                           ;
; Total pins                      ; 16                                          ;
; Total virtual pins              ; 0                                           ;
; Total block memory bits         ; 0                                           ;
; Total DSP Blocks                ; 0                                           ;
; Total HSSI RX PCSs              ; 0                                           ;
; Total HSSI PMA RX Deserializers ; 0                                           ;
; Total HSSI TX PCSs              ; 0                                           ;
; Total HSSI PMA TX Serializers   ; 0                                           ;
; Total PLLs                      ; 0                                           ;
; Total DLLs                      ; 0                                           ;
+---------------------------------+---------------------------------------------+


+---------------------------------------------------------------------------------------------------------------------------+
; Analysis & Synthesis Settings                                                                                             ;
+---------------------------------------------------------------------------------+--------------------+--------------------+
; Option                                                                          ; Setting            ; Default Value      ;
+---------------------------------------------------------------------------------+--------------------+--------------------+
; Device                                                                          ; 5CSXFC6D6F31C6     ;                    ;
; Top-level entity name                                                           ; alu_controladora   ; UART               ;
; Family name                                                                     ; Cyclone V          ; Cyclone V          ;
; Use smart compilation                                                           ; Off                ; Off                ;
; Enable parallel Assembler and Timing Analyzer during compilation                ; On                 ; On                 ;
; Enable compact report table                                                     ; Off                ; Off                ;
; Restructure Multiplexers                                                        ; Auto               ; Auto               ;
; MLAB Add Timing Constraints For Mixed-Port Feed-Through Mode Setting Don't Care ; Off                ; Off                ;
; Create Debugging Nodes for IP Cores                                             ; Off                ; Off                ;
; Preserve fewer node names                                                       ; On                 ; On                 ;
; Intel FPGA IP Evaluation Mode                                                   ; Enable             ; Enable             ;
; Verilog Version                                                                 ; Verilog_2001       ; Verilog_2001       ;
; VHDL Version                                                                    ; VHDL_1993          ; VHDL_1993          ;
; State Machine Processing                                                        ; Auto               ; Auto               ;
; Safe State Machine                                                              ; Off                ; Off                ;
; Extract Verilog State Machines                                                  ; On                 ; On                 ;
; Extract VHDL State Machines                                                     ; On                 ; On                 ;
; Ignore Verilog initial constructs                                               ; Off                ; Off                ;
; Iteration limit for constant Verilog loops                                      ; 5000               ; 5000               ;
; Iteration limit for non-constant Verilog loops                                  ; 250                ; 250                ;
; Add Pass-Through Logic to Inferred RAMs                                         ; On                 ; On                 ;
; Infer RAMs from Raw Logic                                                       ; On                 ; On                 ;
; Parallel Synthesis                                                              ; On                 ; On                 ;
; DSP Block Balancing                                                             ; Auto               ; Auto               ;
; NOT Gate Push-Back                                                              ; On                 ; On                 ;
; Power-Up Don't Care                                                             ; On                 ; On                 ;
; Remove Redundant Logic Cells                                                    ; Off                ; Off                ;
; Remove Duplicate Registers                                                      ; On                 ; On                 ;
; Ignore CARRY Buffers                                                            ; Off                ; Off                ;
; Ignore CASCADE Buffers                                                          ; Off                ; Off                ;
; Ignore GLOBAL Buffers                                                           ; Off                ; Off                ;
; Ignore ROW GLOBAL Buffers                                                       ; Off                ; Off                ;
; Ignore LCELL Buffers                                                            ; Off                ; Off                ;
; Ignore SOFT Buffers                                                             ; On                 ; On                 ;
; Limit AHDL Integers to 32 Bits                                                  ; Off                ; Off                ;
; Optimization Technique                                                          ; Balanced           ; Balanced           ;
; Carry Chain Length                                                              ; 70                 ; 70                 ;
; Auto Carry Chains                                                               ; On                 ; On                 ;
; Auto Open-Drain Pins                                                            ; On                 ; On                 ;
; Perform WYSIWYG Primitive Resynthesis                                           ; Off                ; Off                ;
; Auto ROM Replacement                                                            ; On                 ; On                 ;
; Auto RAM Replacement                                                            ; On                 ; On                 ;
; Auto DSP Block Replacement                                                      ; On                 ; On                 ;
; Auto Shift Register Replacement                                                 ; Auto               ; Auto               ;
; Allow Shift Register Merging across Hierarchies                                 ; Auto               ; Auto               ;
; Auto Clock Enable Replacement                                                   ; On                 ; On                 ;
; Strict RAM Replacement                                                          ; Off                ; Off                ;
; Allow Synchronous Control Signals                                               ; On                 ; On                 ;
; Force Use of Synchronous Clear Signals                                          ; Off                ; Off                ;
; Auto Resource Sharing                                                           ; Off                ; Off                ;
; Allow Any RAM Size For Recognition                                              ; Off                ; Off                ;
; Allow Any ROM Size For Recognition                                              ; Off                ; Off                ;
; Allow Any Shift Register Size For Recognition                                   ; Off                ; Off                ;
; Use LogicLock Constraints during Resource Balancing                             ; On                 ; On                 ;
; Ignore translate_off and synthesis_off directives                               ; Off                ; Off                ;
; Timing-Driven Synthesis                                                         ; On                 ; On                 ;
; Report Parameter Settings                                                       ; On                 ; On                 ;
; Report Source Assignments                                                       ; On                 ; On                 ;
; Report Connectivity Checks                                                      ; On                 ; On                 ;
; Ignore Maximum Fan-Out Assignments                                              ; Off                ; Off                ;
; Synchronization Register Chain Length                                           ; 3                  ; 3                  ;
; Power Optimization During Synthesis                                             ; Normal compilation ; Normal compilation ;
; HDL message level                                                               ; Level2             ; Level2             ;
; Suppress Register Optimization Related Messages                                 ; Off                ; Off                ;
; Number of Removed Registers Reported in Synthesis Report                        ; 5000               ; 5000               ;
; Number of Swept Nodes Reported in Synthesis Report                              ; 5000               ; 5000               ;
; Number of Inverted Registers Reported in Synthesis Report                       ; 100                ; 100                ;
; Clock MUX Protection                                                            ; On                 ; On                 ;
; Auto Gated Clock Conversion                                                     ; Off                ; Off                ;
; Block Design Naming                                                             ; Auto               ; Auto               ;
; SDC constraint protection                                                       ; Off                ; Off                ;
; Synthesis Effort                                                                ; Auto               ; Auto               ;
; Shift Register Replacement - Allow Asynchronous Clear Signal                    ; On                 ; On                 ;
; Pre-Mapping Resynthesis Optimization                                            ; Off                ; Off                ;
; Analysis & Synthesis Message Level                                              ; Medium             ; Medium             ;
; Disable Register Merging Across Hierarchies                                     ; Auto               ; Auto               ;
; Resource Aware Inference For Block RAM                                          ; On                 ; On                 ;
; Automatic Parallel Synthesis                                                    ; On                 ; On                 ;
; Partial Reconfiguration Bitstream ID                                            ; Off                ; Off                ;
+---------------------------------------------------------------------------------+--------------------+--------------------+


+------------------------------------------+
; Parallel Compilation                     ;
+----------------------------+-------------+
; Processors                 ; Number      ;
+----------------------------+-------------+
; Number detected on machine ; 12          ;
; Maximum allowed            ; 6           ;
;                            ;             ;
; Average used               ; 1.00        ;
; Maximum used               ; 1           ;
;                            ;             ;
; Usage by Processor         ; % Time Used ;
;     Processor 1            ; 100.0%      ;
+----------------------------+-------------+


+------------------------------------------------------------------------------------------------------------------------------------------------------------------------------------------------------------+
; Analysis & Synthesis Source Files Read                                                                                                                                                                     ;
+----------------------------------+-----------------+------------------------------+--------------------------------------------------------------------------------------------------------------+---------+
; File Name with User-Entered Path ; Used in Netlist ; File Type                    ; File Name with Absolute Path                                                                                 ; Library ;
+----------------------------------+-----------------+------------------------------+--------------------------------------------------------------------------------------------------------------+---------+
; multiplicador_circular.sv        ; yes             ; User SystemVerilog HDL File  ; C:/Users/XPC/Desktop/Funda/Proyecto_Grupal1_Fundamentos_Arquitectura_Computadores/multiplicador_circular.sv  ;         ;
; restador_circular.sv             ; yes             ; User SystemVerilog HDL File  ; C:/Users/XPC/Desktop/Funda/Proyecto_Grupal1_Fundamentos_Arquitectura_Computadores/restador_circular.sv       ;         ;
; and_circular_structural.sv       ; yes             ; User SystemVerilog HDL File  ; C:/Users/XPC/Desktop/Funda/Proyecto_Grupal1_Fundamentos_Arquitectura_Computadores/and_circular_structural.sv ;         ;
; xor_circular_flags.sv            ; yes             ; User SystemVerilog HDL File  ; C:/Users/XPC/Desktop/Funda/Proyecto_Grupal1_Fundamentos_Arquitectura_Computadores/xor_circular_flags.sv      ;         ;
; alu_controladora.sv              ; yes             ; User SystemVerilog HDL File  ; C:/Users/XPC/Desktop/Funda/Proyecto_Grupal1_Fundamentos_Arquitectura_Computadores/alu_controladora.sv        ;         ;
+----------------------------------+-----------------+------------------------------+--------------------------------------------------------------------------------------------------------------+---------+


+----------------------------------------------------------+
; Analysis & Synthesis Resource Usage Summary              ;
+---------------------------------------------+------------+
; Resource                                    ; Usage      ;
+---------------------------------------------+------------+
; Estimate of Logic utilization (ALMs needed) ; 16         ;
;                                             ;            ;
; Combinational ALUT usage for logic          ; 20         ;
;     -- 7 input functions                    ; 0          ;
;     -- 6 input functions                    ; 12         ;
;     -- 5 input functions                    ; 2          ;
;     -- 4 input functions                    ; 5          ;
;     -- <=3 input functions                  ; 1          ;
;                                             ;            ;
; Dedicated logic registers                   ; 0          ;
;                                             ;            ;
; I/O pins                                    ; 16         ;
;                                             ;            ;
; Total DSP Blocks                            ; 0          ;
;                                             ;            ;
; Maximum fan-out node                        ; A[0]~input ;
; Maximum fan-out                             ; 14         ;
; Total fan-out                               ; 129        ;
; Average fan-out                             ; 2.48       ;
+---------------------------------------------+------------+


+-------------------------------------------------------------------------------------------------------------------------------------------------------------------------------------------------------------------------------------------+
; Analysis & Synthesis Resource Utilization by Entity                                                                                                                                                                                       ;
+--------------------------------------+---------------------+---------------------------+-------------------+------------+------+--------------+---------------------------------------------------+------------------------+--------------+
; Compilation Hierarchy Node           ; Combinational ALUTs ; Dedicated Logic Registers ; Block Memory Bits ; DSP Blocks ; Pins ; Virtual Pins ; Full Hierarchy Name                               ; Entity Name            ; Library Name ;
+--------------------------------------+---------------------+---------------------------+-------------------+------------+------+--------------+---------------------------------------------------+------------------------+--------------+
; |alu_controladora                    ; 20 (16)             ; 0 (0)                     ; 0                 ; 0          ; 16   ; 0            ; |alu_controladora                                 ; alu_controladora       ; work         ;
;    |multiplicador_circular:mult_mod| ; 2 (2)               ; 0 (0)                     ; 0                 ; 0          ; 0    ; 0            ; |alu_controladora|multiplicador_circular:mult_mod ; multiplicador_circular ; work         ;
;    |restador_circular:sub_mod|       ; 2 (2)               ; 0 (0)                     ; 0                 ; 0          ; 0    ; 0            ; |alu_controladora|restador_circular:sub_mod       ; restador_circular      ; work         ;
+--------------------------------------+---------------------+---------------------------+-------------------+------------+------+--------------+---------------------------------------------------+------------------------+--------------+
Note: For table entries with two numbers listed, the numbers in parentheses indicate the number of resources of the given type used by the specific entity alone. The numbers listed outside of parentheses indicate the total resources of the given type used by the specific entity and all of its sub-entities in the hierarchy.


+------------------------------------------------------+
; General Register Statistics                          ;
+----------------------------------------------+-------+
; Statistic                                    ; Value ;
+----------------------------------------------+-------+
; Total registers                              ; 0     ;
; Number of registers using Synchronous Clear  ; 0     ;
; Number of registers using Synchronous Load   ; 0     ;
; Number of registers using Asynchronous Clear ; 0     ;
; Number of registers using Asynchronous Load  ; 0     ;
; Number of registers using Clock Enable       ; 0     ;
; Number of registers using Preset             ; 0     ;
+----------------------------------------------+-------+


+-------------------------------------------------------+
; Port Connectivity Checks: "restador_circular:sub_mod" ;
+---------+-------+----------+--------------------------+
; Port    ; Type  ; Severity ; Details                  ;
+---------+-------+----------+--------------------------+
; A[3..2] ; Input ; Info     ; Stuck at GND             ;
+---------+-------+----------+--------------------------+


+-----------------------------------------------------+
; Post-Synthesis Netlist Statistics for Top Partition ;
+-----------------------+-----------------------------+
; Type                  ; Count                       ;
+-----------------------+-----------------------------+
; arriav_lcell_comb     ; 20                          ;
;     normal            ; 20                          ;
;         3 data inputs ; 1                           ;
;         4 data inputs ; 5                           ;
;         5 data inputs ; 2                           ;
;         6 data inputs ; 12                          ;
; boundary_port         ; 16                          ;
;                       ;                             ;
; Max LUT depth         ; 3.00                        ;
; Average LUT depth     ; 2.36                        ;
+-----------------------+-----------------------------+


+-------------------------------+
; Elapsed Time Per Partition    ;
+----------------+--------------+
; Partition Name ; Elapsed Time ;
+----------------+--------------+
; Top            ; 00:00:00     ;
+----------------+--------------+


+-------------------------------+
; Analysis & Synthesis Messages ;
+-------------------------------+
Info: *******************************************************************
Info: Running Quartus Prime Analysis & Synthesis
    Info: Version 18.1.0 Build 625 09/12/2018 SJ Lite Edition
    Info: Processing started: Sun May 25 21:25:16 2025
Info: Command: quartus_map --read_settings_files=on --write_settings_files=off UART -c UART
Warning (18236): Number of processors has not been specified which may cause overloading on shared machines.  Set the global assignment NUM_PARALLEL_PROCESSORS in your QSF to an appropriate value for best performance.
Info (20030): Parallel compilation is enabled and will use 6 of the 6 processors detected
Info (12021): Found 1 design units, including 1 entities, in source file uarttop.sv
    Info (12023): Found entity 1: uartTOP File: C:/Users/XPC/Desktop/Funda/Proyecto_Grupal1_Fundamentos_Arquitectura_Computadores/uartTOP.sv Line: 3
Info (12021): Found 1 design units, including 1 entities, in source file uartrx.sv
    Info (12023): Found entity 1: uartRX File: C:/Users/XPC/Desktop/Funda/Proyecto_Grupal1_Fundamentos_Arquitectura_Computadores/uartRX.sv Line: 1
Info (12021): Found 1 design units, including 1 entities, in source file uarttx.sv
    Info (12023): Found entity 1: uartTX File: C:/Users/XPC/Desktop/Funda/Proyecto_Grupal1_Fundamentos_Arquitectura_Computadores/uartTX.sv Line: 1
Warning (12019): Can't analyze file -- file and_gate.sv is missing
Warning (12019): Can't analyze file -- file not_gate.sv is missing
Warning (12019): Can't analyze file -- file dff_custom.sv is missing
Info (12021): Found 1 design units, including 1 entities, in source file multiplicador_circular.sv
    Info (12023): Found entity 1: multiplicador_circular File: C:/Users/XPC/Desktop/Funda/Proyecto_Grupal1_Fundamentos_Arquitectura_Computadores/multiplicador_circular.sv Line: 1
Info (12021): Found 1 design units, including 1 entities, in source file restador_circular.sv
    Info (12023): Found entity 1: restador_circular File: C:/Users/XPC/Desktop/Funda/Proyecto_Grupal1_Fundamentos_Arquitectura_Computadores/restador_circular.sv Line: 1
Info (12021): Found 1 design units, including 1 entities, in source file tb_restador_circular.sv
    Info (12023): Found entity 1: tb_restador_circular File: C:/Users/XPC/Desktop/Funda/Proyecto_Grupal1_Fundamentos_Arquitectura_Computadores/tb_restador_circular.sv Line: 3
Info (12021): Found 1 design units, including 1 entities, in source file and_circular_structural.sv
    Info (12023): Found entity 1: and_circular_structural File: C:/Users/XPC/Desktop/Funda/Proyecto_Grupal1_Fundamentos_Arquitectura_Computadores/and_circular_structural.sv Line: 1
Info (12021): Found 1 design units, including 1 entities, in source file tb_and_circular_structural.sv
    Info (12023): Found entity 1: tb_and_circular_structural File: C:/Users/XPC/Desktop/Funda/Proyecto_Grupal1_Fundamentos_Arquitectura_Computadores/tb_and_circular_structural.sv Line: 3
Info (12021): Found 1 design units, including 1 entities, in source file xor_circular_flags.sv
    Info (12023): Found entity 1: xor_circular_flags File: C:/Users/XPC/Desktop/Funda/Proyecto_Grupal1_Fundamentos_Arquitectura_Computadores/xor_circular_flags.sv Line: 1
Info (12021): Found 1 design units, including 1 entities, in source file tb_xor_circular_flags.sv
    Info (12023): Found entity 1: tb_xor_circular_flags File: C:/Users/XPC/Desktop/Funda/Proyecto_Grupal1_Fundamentos_Arquitectura_Computadores/tb_xor_circular_flags.sv Line: 1
Info (12021): Found 1 design units, including 1 entities, in source file alu_controladora.sv
    Info (12023): Found entity 1: alu_controladora File: C:/Users/XPC/Desktop/Funda/Proyecto_Grupal1_Fundamentos_Arquitectura_Computadores/alu_controladora.sv Line: 1
Info (12021): Found 1 design units, including 1 entities, in source file tb_multiplicador_circular.sv
    Info (12023): Found entity 1: tb_multiplicador_circular File: C:/Users/XPC/Desktop/Funda/Proyecto_Grupal1_Fundamentos_Arquitectura_Computadores/tb_multiplicador_circular.sv Line: 3
Info (12021): Found 1 design units, including 1 entities, in source file alu_controladora_tb.sv
    Info (12023): Found entity 1: alu_controladora_tb File: C:/Users/XPC/Desktop/Funda/Proyecto_Grupal1_Fundamentos_Arquitectura_Computadores/alu_controladora_tb.sv Line: 1
Info (12127): Elaborating entity "alu_controladora" for the top level hierarchy
Info (12128): Elaborating entity "and_circular_structural" for hierarchy "and_circular_structural:and_mod" File: C:/Users/XPC/Desktop/Funda/Proyecto_Grupal1_Fundamentos_Arquitectura_Computadores/alu_controladora.sv Line: 28
Info (12128): Elaborating entity "xor_circular_flags" for hierarchy "xor_circular_flags:xor_mod" File: C:/Users/XPC/Desktop/Funda/Proyecto_Grupal1_Fundamentos_Arquitectura_Computadores/alu_controladora.sv Line: 38
Info (12128): Elaborating entity "multiplicador_circular" for hierarchy "multiplicador_circular:mult_mod" File: C:/Users/XPC/Desktop/Funda/Proyecto_Grupal1_Fundamentos_Arquitectura_Computadores/alu_controladora.sv Line: 48
Info (12128): Elaborating entity "restador_circular" for hierarchy "restador_circular:sub_mod" File: C:/Users/XPC/Desktop/Funda/Proyecto_Grupal1_Fundamentos_Arquitectura_Computadores/alu_controladora.sv Line: 58
Info (286030): Timing-Driven Synthesis is running
Info (144001): Generated suppressed messages file C:/Users/XPC/Desktop/Funda/Proyecto_Grupal1_Fundamentos_Arquitectura_Computadores/output_files/UART.map.smsg
Info (16010): Generating hard_block partition "hard_block:auto_generated_inst"
    Info (16011): Adding 0 node(s), including 0 DDIO, 0 PLL, 0 transceiver and 0 LCELL
Info (21057): Implemented 36 device resources after synthesis - the final resource count might be different
    Info (21058): Implemented 8 input pins
    Info (21059): Implemented 8 output pins
    Info (21061): Implemented 20 logic cells
Info: Quartus Prime Analysis & Synthesis was successful. 0 errors, 4 warnings
    Info: Peak virtual memory: 4833 megabytes
    Info: Processing ended: Sun May 25 21:25:23 2025
    Info: Elapsed time: 00:00:07
    Info: Total CPU time (on all processors): 00:00:15


+------------------------------------------+
; Analysis & Synthesis Suppressed Messages ;
+------------------------------------------+
The suppressed messages can be found in C:/Users/XPC/Desktop/Funda/Proyecto_Grupal1_Fundamentos_Arquitectura_Computadores/output_files/UART.map.smsg.


